[H[J

*** Building edimexchgui...

rm -f .tmp/moc_gui.cpp .tmp/moc_GuiMenu.cpp .tmp/moc_GuiSftp.cpp .tmp/moc_GuiTermEmu.cpp
rm -f qrc_edim.cpp
rm -f qmake_image_collection.cpp
rm -f ui_infomsg.h
rm -f .tmp/gui.o .tmp/GuiMenu.o .tmp/GuiSftp.o .tmp/GuiSlots.o .tmp/GuiTermEmu.o .tmp/cli.o .tmp/edimutils.o .tmp/main.o .tmp/moc_gui.o .tmp/moc_GuiMenu.o .tmp/moc_GuiSftp.o .tmp/moc_GuiTermEmu.o .tmp/qrc_edim.o
rm -f *~ core *.core
/usr/bin/uic infomsg.ui -o ui_infomsg.h
g++ -c -pipe -g -ansi -ggdb -funsigned-char -finline-functions -freorder-functions -fpic -fbounds-check -Wformat -Wextra -Wshadow -Wredundant-decls -Wall -W -D_REENTRANT  -DQT_GUI_LIB -DQT_NETWORK_LIB -DQT_CORE_LIB -DQT_SHARED -I/usr/share/qt4/mkspecs/default -I. -I/usr/include/QtCore -I/usr/include/QtCore -I/usr/include/QtNetwork -I/usr/include/QtNetwork -I/usr/include/QtGui -I/usr/include/QtGui -I/usr/include -I. -I../base -I.tmp -I. -o .tmp/gui.o gui.cpp
g++ -c -pipe -g -ansi -ggdb -funsigned-char -finline-functions -freorder-functions -fpic -fbounds-check -Wformat -Wextra -Wshadow -Wredundant-decls -Wall -W -D_REENTRANT  -DQT_GUI_LIB -DQT_NETWORK_LIB -DQT_CORE_LIB -DQT_SHARED -I/usr/share/qt4/mkspecs/default -I. -I/usr/include/QtCore -I/usr/include/QtCore -I/usr/include/QtNetwork -I/usr/include/QtNetwork -I/usr/include/QtGui -I/usr/include/QtGui -I/usr/include -I. -I../base -I.tmp -I. -o .tmp/GuiMenu.o GuiMenu.cpp
g++ -c -pipe -g -ansi -ggdb -funsigned-char -finline-functions -freorder-functions -fpic -fbounds-check -Wformat -Wextra -Wshadow -Wredundant-decls -Wall -W -D_REENTRANT  -DQT_GUI_LIB -DQT_NETWORK_LIB -DQT_CORE_LIB -DQT_SHARED -I/usr/share/qt4/mkspecs/default -I. -I/usr/include/QtCore -I/usr/include/QtCore -I/usr/include/QtNetwork -I/usr/include/QtNetwork -I/usr/include/QtGui -I/usr/include/QtGui -I/usr/include -I. -I../base -I.tmp -I. -o .tmp/GuiSftp.o GuiSftp.cpp
g++ -c -pipe -g -ansi -ggdb -funsigned-char -finline-functions -freorder-functions -fpic -fbounds-check -Wformat -Wextra -Wshadow -Wredundant-decls -Wall -W -D_REENTRANT  -DQT_GUI_LIB -DQT_NETWORK_LIB -DQT_CORE_LIB -DQT_SHARED -I/usr/share/qt4/mkspecs/default -I. -I/usr/include/QtCore -I/usr/include/QtCore -I/usr/include/QtNetwork -I/usr/include/QtNetwork -I/usr/include/QtGui -I/usr/include/QtGui -I/usr/include -I. -I../base -I.tmp -I. -o .tmp/GuiSlots.o GuiSlots.cpp
g++ -c -pipe -g -ansi -ggdb -funsigned-char -finline-functions -freorder-functions -fpic -fbounds-check -Wformat -Wextra -Wshadow -Wredundant-decls -Wall -W -D_REENTRANT  -DQT_GUI_LIB -DQT_NETWORK_LIB -DQT_CORE_LIB -DQT_SHARED -I/usr/share/qt4/mkspecs/default -I. -I/usr/include/QtCore -I/usr/include/QtCore -I/usr/include/QtNetwork -I/usr/include/QtNetwork -I/usr/include/QtGui -I/usr/include/QtGui -I/usr/include -I. -I../base -I.tmp -I. -o .tmp/GuiTermEmu.o GuiTermEmu.cpp
g++ -c -pipe -g -ansi -ggdb -funsigned-char -finline-functions -freorder-functions -fpic -fbounds-check -Wformat -Wextra -Wshadow -Wredundant-decls -Wall -W -D_REENTRANT  -DQT_GUI_LIB -DQT_NETWORK_LIB -DQT_CORE_LIB -DQT_SHARED -I/usr/share/qt4/mkspecs/default -I. -I/usr/include/QtCore -I/usr/include/QtCore -I/usr/include/QtNetwork -I/usr/include/QtNetwork -I/usr/include/QtGui -I/usr/include/QtGui -I/usr/include -I. -I../base -I.tmp -I. -o .tmp/cli.o ../base/cli.cpp
g++ -c -pipe -g -ansi -ggdb -funsigned-char -finline-functions -freorder-functions -fpic -fbounds-check -Wformat -Wextra -Wshadow -Wredundant-decls -Wall -W -D_REENTRANT  -DQT_GUI_LIB -DQT_NETWORK_LIB -DQT_CORE_LIB -DQT_SHARED -I/usr/share/qt4/mkspecs/default -I. -I/usr/include/QtCore -I/usr/include/QtCore -I/usr/include/QtNetwork -I/usr/include/QtNetwork -I/usr/include/QtGui -I/usr/include/QtGui -I/usr/include -I. -I../base -I.tmp -I. -o .tmp/edimutils.o ../base/edimutils.cpp
g++ -c -pipe -g -ansi -ggdb -funsigned-char -finline-functions -freorder-functions -fpic -fbounds-check -Wformat -Wextra -Wshadow -Wredundant-decls -Wall -W -D_REENTRANT  -DQT_GUI_LIB -DQT_NETWORK_LIB -DQT_CORE_LIB -DQT_SHARED -I/usr/share/qt4/mkspecs/default -I. -I/usr/include/QtCore -I/usr/include/QtCore -I/usr/include/QtNetwork -I/usr/include/QtNetwork -I/usr/include/QtGui -I/usr/include/QtGui -I/usr/include -I. -I../base -I.tmp -I. -o .tmp/main.o ../base/main.cpp
/usr/bin/moc -DQT_GUI_LIB -DQT_NETWORK_LIB -DQT_CORE_LIB -DQT_SHARED -I/usr/share/qt4/mkspecs/default -I. -I/usr/include/QtCore -I/usr/include/QtCore -I/usr/include/QtNetwork -I/usr/include/QtNetwork -I/usr/include/QtGui -I/usr/include/QtGui -I/usr/include -I. -I../base -I.tmp -I. gui.hpp -o .tmp/moc_gui.cpp
g++ -c -pipe -g -ansi -ggdb -funsigned-char -finline-functions -freorder-functions -fpic -fbounds-check -Wformat -Wextra -Wshadow -Wredundant-decls -Wall -W -D_REENTRANT  -DQT_GUI_LIB -DQT_NETWORK_LIB -DQT_CORE_LIB -DQT_SHARED -I/usr/share/qt4/mkspecs/default -I. -I/usr/include/QtCore -I/usr/include/QtCore -I/usr/include/QtNetwork -I/usr/include/QtNetwork -I/usr/include/QtGui -I/usr/include/QtGui -I/usr/include -I. -I../base -I.tmp -I. -o .tmp/moc_gui.o .tmp/moc_gui.cpp
/usr/bin/moc -DQT_GUI_LIB -DQT_NETWORK_LIB -DQT_CORE_LIB -DQT_SHARED -I/usr/share/qt4/mkspecs/default -I. -I/usr/include/QtCore -I/usr/include/QtCore -I/usr/include/QtNetwork -I/usr/include/QtNetwork -I/usr/include/QtGui -I/usr/include/QtGui -I/usr/include -I. -I../base -I.tmp -I. GuiMenu.hpp -o .tmp/moc_GuiMenu.cpp
g++ -c -pipe -g -ansi -ggdb -funsigned-char -finline-functions -freorder-functions -fpic -fbounds-check -Wformat -Wextra -Wshadow -Wredundant-decls -Wall -W -D_REENTRANT  -DQT_GUI_LIB -DQT_NETWORK_LIB -DQT_CORE_LIB -DQT_SHARED -I/usr/share/qt4/mkspecs/default -I. -I/usr/include/QtCore -I/usr/include/QtCore -I/usr/include/QtNetwork -I/usr/include/QtNetwork -I/usr/include/QtGui -I/usr/include/QtGui -I/usr/include -I. -I../base -I.tmp -I. -o .tmp/moc_GuiMenu.o .tmp/moc_GuiMenu.cpp
/usr/bin/moc -DQT_GUI_LIB -DQT_NETWORK_LIB -DQT_CORE_LIB -DQT_SHARED -I/usr/share/qt4/mkspecs/default -I. -I/usr/include/QtCore -I/usr/include/QtCore -I/usr/include/QtNetwork -I/usr/include/QtNetwork -I/usr/include/QtGui -I/usr/include/QtGui -I/usr/include -I. -I../base -I.tmp -I. GuiSftp.hpp -o .tmp/moc_GuiSftp.cpp
g++ -c -pipe -g -ansi -ggdb -funsigned-char -finline-functions -freorder-functions -fpic -fbounds-check -Wformat -Wextra -Wshadow -Wredundant-decls -Wall -W -D_REENTRANT  -DQT_GUI_LIB -DQT_NETWORK_LIB -DQT_CORE_LIB -DQT_SHARED -I/usr/share/qt4/mkspecs/default -I. -I/usr/include/QtCore -I/usr/include/QtCore -I/usr/include/QtNetwork -I/usr/include/QtNetwork -I/usr/include/QtGui -I/usr/include/QtGui -I/usr/include -I. -I../base -I.tmp -I. -o .tmp/moc_GuiSftp.o .tmp/moc_GuiSftp.cpp
/usr/bin/moc -DQT_GUI_LIB -DQT_NETWORK_LIB -DQT_CORE_LIB -DQT_SHARED -I/usr/share/qt4/mkspecs/default -I. -I/usr/include/QtCore -I/usr/include/QtCore -I/usr/include/QtNetwork -I/usr/include/QtNetwork -I/usr/include/QtGui -I/usr/include/QtGui -I/usr/include -I. -I../base -I.tmp -I. GuiTermEmu.hpp -o .tmp/moc_GuiTermEmu.cpp
g++ -c -pipe -g -ansi -ggdb -funsigned-char -finline-functions -freorder-functions -fpic -fbounds-check -Wformat -Wextra -Wshadow -Wredundant-decls -Wall -W -D_REENTRANT  -DQT_GUI_LIB -DQT_NETWORK_LIB -DQT_CORE_LIB -DQT_SHARED -I/usr/share/qt4/mkspecs/default -I. -I/usr/include/QtCore -I/usr/include/QtCore -I/usr/include/QtNetwork -I/usr/include/QtNetwork -I/usr/include/QtGui -I/usr/include/QtGui -I/usr/include -I. -I../base -I.tmp -I. -o .tmp/moc_GuiTermEmu.o .tmp/moc_GuiTermEmu.cpp
/usr/bin/rcc -name edim edim.qrc -o qrc_edim.cpp
g++ -c -pipe -g -ansi -ggdb -funsigned-char -finline-functions -freorder-functions -fpic -fbounds-check -Wformat -Wextra -Wshadow -Wredundant-decls -Wall -W -D_REENTRANT  -DQT_GUI_LIB -DQT_NETWORK_LIB -DQT_CORE_LIB -DQT_SHARED -I/usr/share/qt4/mkspecs/default -I. -I/usr/include/QtCore -I/usr/include/QtCore -I/usr/include/QtNetwork -I/usr/include/QtNetwork -I/usr/include/QtGui -I/usr/include/QtGui -I/usr/include -I. -I../base -I.tmp -I. -o .tmp/qrc_edim.o qrc_edim.cpp
g++  -o edimexchgui .tmp/gui.o .tmp/GuiMenu.o .tmp/GuiSftp.o .tmp/GuiSlots.o .tmp/GuiTermEmu.o .tmp/cli.o .tmp/edimutils.o .tmp/main.o .tmp/moc_gui.o .tmp/moc_GuiMenu.o .tmp/moc_GuiSftp.o .tmp/moc_GuiTermEmu.o .tmp/qrc_edim.o    -L/usr/lib -lssl -lssh -lQtGui -L/usr/lib -L/usr/X11R6/lib -lpng -lSM -lICE -lXi -lXrender -lXrandr -lXfixes -lXcursor -lXinerama -lfreetype -lfontconfig -lXext -lX11 -lQtNetwork -lQtCore -lz -lm -ldl -lpthread
/home/makhtar/Documents/Dev/DevEmd/Cteam/eDimExch/trunk/src


	Finished Building. You can run ./install.bash now

