property 'svn:keywords' set on '/home/makhtar/Documents/Dev/DevEmd/Cteam/eDimExch/trunk/docs/libsshapi.html'
property 'svn:keywords' set on '/home/makhtar/Documents/Dev/DevEmd/Cteam/eDimExch/trunk/docs/RoadMap.txt'
property 'svn:keywords' set on '/home/makhtar/Documents/Dev/DevEmd/Cteam/eDimExch/trunk/docs/ThesisReadme.txt'
property 'svn:keywords' set on '/home/makhtar/Documents/Dev/DevEmd/Cteam/eDimExch/trunk/src/base/cli.cpp'
property 'svn:keywords' set on '/home/makhtar/Documents/Dev/DevEmd/Cteam/eDimExch/trunk/src/base/edimutils.cpp'
property 'svn:keywords' set on '/home/makhtar/Documents/Dev/DevEmd/Cteam/eDimExch/trunk/src/base/main.cpp'
property 'svn:keywords' set on '/home/makhtar/Documents/Dev/DevEmd/Cteam/eDimExch/trunk/src/base/edimexch.h'
property 'svn:keywords' set on '/home/makhtar/Documents/Dev/DevEmd/Cteam/eDimExch/trunk/src/base/edimutils.h'
property 'svn:keywords' set on '/home/makhtar/Documents/Dev/DevEmd/Cteam/eDimExch/trunk/src/base/cli.hpp'
property 'svn:keywords' set on '/home/makhtar/Documents/Dev/DevEmd/Cteam/eDimExch/trunk/src/gui/gui.cpp'
property 'svn:keywords' set on '/home/makhtar/Documents/Dev/DevEmd/Cteam/eDimExch/trunk/src/gui/GuiMenu.cpp'
property 'svn:keywords' set on '/home/makhtar/Documents/Dev/DevEmd/Cteam/eDimExch/trunk/src/gui/GuiSftp.cpp'
property 'svn:keywords' set on '/home/makhtar/Documents/Dev/DevEmd/Cteam/eDimExch/trunk/src/gui/GuiSlots.cpp'
property 'svn:keywords' set on '/home/makhtar/Documents/Dev/DevEmd/Cteam/eDimExch/trunk/src/gui/GuiTermEmu.cpp'
property 'svn:keywords' set on '/home/makhtar/Documents/Dev/DevEmd/Cteam/eDimExch/trunk/src/gui/SftpSlots.cpp'
property 'svn:keywords' set on '/home/makhtar/Documents/Dev/DevEmd/Cteam/eDimExch/trunk/src/gui/gui.hpp'
property 'svn:keywords' set on '/home/makhtar/Documents/Dev/DevEmd/Cteam/eDimExch/trunk/src/gui/GuiMenu.hpp'
property 'svn:keywords' set on '/home/makhtar/Documents/Dev/DevEmd/Cteam/eDimExch/trunk/src/gui/GuiSftp.hpp'
property 'svn:keywords' set on '/home/makhtar/Documents/Dev/DevEmd/Cteam/eDimExch/trunk/src/gui/GuiTermEmu.hpp'
property 'svn:keywords' set on '/home/makhtar/Documents/Dev/DevEmd/Cteam/eDimExch/trunk/src/gui/qt.hpp'
Adding         trunk/src/BROWSE
Adding         trunk/src/TAGS
Adding         trunk/src/beautify.bash
Adding         trunk/src/build.bash
Adding         trunk/src/commit.bash
Adding         trunk/src/install.bash
Transmitting file data ......
Committed revision 8.
